[1733137553.523][INFO]: Starting ChromeDriver 131.0.6778.85 (3d81e41b6f3ac8bcae63b32e8145c9eb0cd60a2d-refs/branch-heads/6778@{#2285}) on port 23791
[1733137553.523][INFO]: Please see https://chromedriver.chromium.org/security-considerations for suggestions on keeping ChromeDriver safe.
[1733137553.530][INFO]: ChromeDriver was started successfully on port 23791
[1733137554.207][INFO]: [67db14ba9ab236bd7c5061a8d01af80f] COMMAND InitSession {
   "capabilities": {
      "firstMatch": [ {
         "browserName": "chrome",
         "goog:chromeOptions": {
            "args": [ "--remote-allow-origins=*" ],
            "binary": "C:\\Program Files\\Google\\Chrome\\Application\\chrome.exe",
            "extensions": [  ]
         },
         "goog:loggingPrefs": {
            "browser": "ALL",
            "driver": "ALL"
         }
      } ]
   }
}
[1733137554.210][INFO]: Populating Preferences file: {
   "alternate_error_pages": {
      "enabled": false
   },
   "autofill": {
      "enabled": false
   },
   "browser": {
      "check_default_browser": false
   },
   "distribution": {
      "import_bookmarks": false,
      "import_history": false,
      "import_search_engine": false,
      "make_chrome_default_for_user": false,
      "skip_first_run_ui": true
   },
   "dns_prefetching": {
      "enabled": false
   },
   "profile": {
      "content_settings": {
         "pattern_pairs": {
            "https://*,*": {
               "media-stream": {
                  "audio": "Default",
                  "video": "Default"
               }
            }
         }
      },
      "default_content_setting_values": {
         "geolocation": 1
      },
      "default_content_settings": {
         "geolocation": 1,
         "mouselock": 1,
         "notifications": 1,
         "popups": 1,
         "ppapi-broker": 1
      },
      "password_manager_enabled": false
   },
   "safebrowsing": {
      "enabled": false
   },
   "search": {
      "suggest_enabled": false
   },
   "translate": {
      "enabled": false
   }
}
[1733137554.210][INFO]: Populating Local State file: {
   "background_mode": {
      "enabled": false
   },
   "ssl": {
      "rev_checking": {
         "enabled": false
      }
   }
}
[1733137554.211][INFO]: ChromeDriver supports communication with Chrome via pipes. This is more reliable and more secure.
[1733137554.211][INFO]: Use the --remote-debugging-pipe Chrome switch instead of the default --remote-debugging-port to enable this communication mode.
[1733137554.213][INFO]: Launching chrome: "C:\Program Files\Google\Chrome\Application\chrome.exe" --allow-pre-commit-input --disable-background-networking --disable-backgrounding-occluded-windows --disable-client-side-phishing-detection --disable-default-apps --disable-hang-monitor --disable-popup-blocking --disable-prompt-on-repost --disable-sync --enable-automation --enable-logging --log-level=0 --no-first-run --no-service-autorun --password-store=basic --remote-allow-origins=* --remote-debugging-port=0 --test-type=webdriver --use-mock-keychain --user-data-dir="C:\Users\sheer\AppData\Local\Temp\scoped_dir92656_1412519745" data:,
[1733137555.575][INFO]: resolved localhost to ["::1","127.0.0.1"]
[1733137555.594][INFO]: [67db14ba9ab236bd7c5061a8d01af80f] RESPONSE InitSession {
   "capabilities": {
      "acceptInsecureCerts": false,
      "browserName": "chrome",
      "browserVersion": "131.0.6778.86",
      "chrome": {
         "chromedriverVersion": "131.0.6778.85 (3d81e41b6f3ac8bcae63b32e8145c9eb0cd60a2d-refs/branch-heads/6778@{#2285})",
         "userDataDir": "C:\\Users\\sheer\\AppData\\Local\\Temp\\scoped_dir92656_1412519745"
      },
      "fedcm:accounts": true,
      "goog:chromeOptions": {
         "debuggerAddress": "localhost:51222"
      },
      "networkConnectionEnabled": false,
      "pageLoadStrategy": "normal",
      "platformName": "windows",
      "proxy": {
      },
      "setWindowRect": true,
      "strictFileInteractability": false,
      "timeouts": {
         "implicit": 0,
         "pageLoad": 300000,
         "script": 30000
      },
      "unhandledPromptBehavior": "dismiss and notify",
      "webauthn:extension:credBlob": true,
      "webauthn:extension:largeBlob": true,
      "webauthn:extension:minPinLength": true,
      "webauthn:extension:prf": true,
      "webauthn:virtualAuthenticators": true
   },
   "sessionId": "67db14ba9ab236bd7c5061a8d01af80f"
}
[1733137556.001][INFO]: [67db14ba9ab236bd7c5061a8d01af80f] COMMAND MaximizeWindow {
}
[1733137556.002][INFO]: Waiting for pending navigations...
[1733137556.018][INFO]: Done waiting for pending navigations. Status: ok
[1733137556.066][INFO]: Waiting for pending navigations...
[1733137556.068][INFO]: Done waiting for pending navigations. Status: ok
[1733137556.069][INFO]: [67db14ba9ab236bd7c5061a8d01af80f] RESPONSE MaximizeWindow {
   "height": 692,
   "width": 1292,
   "x": -6,
   "y": -6
}
[1733137556.167][INFO]: [67db14ba9ab236bd7c5061a8d01af80f] COMMAND Navigate {
   "url": "https://docs.google.com/forms/d/e/1FAIpQLSep9LTMntH5YqIXa5nkiPKSs283kdwitBBhXWyZdAS-e4CxBQ/viewform"
}
[1733137556.167][INFO]: Waiting for pending navigations...
[1733137556.170][INFO]: Done waiting for pending navigations. Status: ok
[1733137559.521][INFO]: Waiting for pending navigations...
[1733137560.176][INFO]: Done waiting for pending navigations. Status: ok
[1733137560.176][INFO]: [67db14ba9ab236bd7c5061a8d01af80f] RESPONSE Navigate
[1733137564.194][INFO]: [67db14ba9ab236bd7c5061a8d01af80f] COMMAND FindElement {
   "using": "xpath",
   "value": "//*[@id='mG61Hd']/div[2]/div/div[2]/div[1]/div/div/div[2]/div/div[1]/div/div[1]/input"
}
[1733137564.194][INFO]: Waiting for pending navigations...
[1733137564.196][INFO]: Done waiting for pending navigations. Status: ok
[1733137564.221][INFO]: Waiting for pending navigations...
[1733137564.223][INFO]: Done waiting for pending navigations. Status: ok
[1733137564.223][INFO]: [67db14ba9ab236bd7c5061a8d01af80f] RESPONSE FindElement {
   "element-6066-11e4-a52e-4f735466cecf": "f.C248331C4ED12D6410D2CA6CE1406201.d.34FD1708C8BFFD07E0C6D7F433D71022.e.4"
}
[1733137564.240][INFO]: [67db14ba9ab236bd7c5061a8d01af80f] COMMAND TypeElement {
   "id": "f.C248331C4ED12D6410D2CA6CE1406201.d.34FD1708C8BFFD07E0C6D7F433D71022.e.4",
   "text": "Crio Learner",
   "value": [ "C", "r", "i", "o", " ", "L", "e", "a", "r", "n", "e", "r" ]
}
[1733137564.240][INFO]: Waiting for pending navigations...
[1733137564.244][INFO]: Done waiting for pending navigations. Status: ok
[1733137564.366][INFO]: Waiting for pending navigations...
[1733137564.369][INFO]: Done waiting for pending navigations. Status: ok
[1733137564.369][INFO]: [67db14ba9ab236bd7c5061a8d01af80f] RESPONSE TypeElement
[1733137564.375][INFO]: [67db14ba9ab236bd7c5061a8d01af80f] COMMAND FindElement {
   "using": "xpath",
   "value": "//*[@id='mG61Hd']/div[2]/div/div[2]/div[2]/div/div/div[2]/div/div[1]/div[2]/textarea"
}
[1733137564.375][INFO]: Waiting for pending navigations...
[1733137564.376][INFO]: Done waiting for pending navigations. Status: ok
[1733137564.387][INFO]: Waiting for pending navigations...
[1733137564.388][INFO]: Done waiting for pending navigations. Status: ok
[1733137564.388][INFO]: [67db14ba9ab236bd7c5061a8d01af80f] RESPONSE FindElement {
   "element-6066-11e4-a52e-4f735466cecf": "f.C248331C4ED12D6410D2CA6CE1406201.d.34FD1708C8BFFD07E0C6D7F433D71022.e.6"
}
[1733137564.396][INFO]: [67db14ba9ab236bd7c5061a8d01af80f] COMMAND TypeElement {
   "id": "f.C248331C4ED12D6410D2CA6CE1406201.d.34FD1708C8BFFD07E0C6D7F433D71022.e.6",
   "text": "I want to be the best QA Engineer! 1733137564",
   "value": [ "I", " ", "w", "a", "n", "t", " ", "t", "o", " ", "b", "e", " ", "t", "h", "e", " ", "b", "e", "s", "t", " ", "Q", "A", " ", "E", "n", "g", "i", "n", "e", "e", "r", "!", " ", "1", "7", "3", "3", "1", "3", "7", "5", "6", "4" ]
}
[1733137564.396][INFO]: Waiting for pending navigations...
[1733137564.397][INFO]: Done waiting for pending navigations. Status: ok
[1733137564.548][INFO]: Waiting for pending navigations...
[1733137564.549][INFO]: Done waiting for pending navigations. Status: ok
[1733137564.549][INFO]: [67db14ba9ab236bd7c5061a8d01af80f] RESPONSE TypeElement
[1733137564.556][INFO]: [67db14ba9ab236bd7c5061a8d01af80f] COMMAND FindElement {
   "using": "css selector",
   "value": "#i13"
}
[1733137564.556][INFO]: Waiting for pending navigations...
[1733137564.557][INFO]: Done waiting for pending navigations. Status: ok
[1733137564.568][INFO]: Waiting for pending navigations...
[1733137564.570][INFO]: Done waiting for pending navigations. Status: ok
[1733137564.570][INFO]: [67db14ba9ab236bd7c5061a8d01af80f] RESPONSE FindElement {
   "element-6066-11e4-a52e-4f735466cecf": "f.C248331C4ED12D6410D2CA6CE1406201.d.34FD1708C8BFFD07E0C6D7F433D71022.e.45"
}
[1733137564.585][INFO]: [67db14ba9ab236bd7c5061a8d01af80f] COMMAND ClickElement {
   "id": "f.C248331C4ED12D6410D2CA6CE1406201.d.34FD1708C8BFFD07E0C6D7F433D71022.e.45"
}
[1733137564.585][INFO]: Waiting for pending navigations...
[1733137564.586][INFO]: Done waiting for pending navigations. Status: ok
[1733137564.607][INFO]: Waiting for pending navigations...
[1733137564.608][INFO]: Done waiting for pending navigations. Status: ok
[1733137564.608][INFO]: [67db14ba9ab236bd7c5061a8d01af80f] RESPONSE ClickElement ERROR element not interactable
  (Session info: chrome=131.0.6778.86)
[1733137564.641][INFO]: [67db14ba9ab236bd7c5061a8d01af80f] COMMAND CloseWindow {
}
[1733137564.804][INFO]: [67db14ba9ab236bd7c5061a8d01af80f] RESPONSE CloseWindow [  ]
